FILE_TYPE=LIBRARY_PARTS;
PRIMITIVE 'BAT_HLD_013_SMT_TR','BAT_HLD_013_SMT_TR_Other';
  PIN
    '+':
      PIN_NUMBER='(1)';
      NO_LOAD_CHECK=BOTH;
      NO_IO_CHECK=BOTH;
      ALLOW_CONNECT=TRUE;
      PINUSE='UNSPEC';
    '-':
      PIN_NUMBER='(2)';
      NO_LOAD_CHECK=BOTH;
      NO_IO_CHECK=BOTH;
      ALLOW_CONNECT=TRUE;
      PINUSE='UNSPEC';
  END_PIN;
  BODY
    PART_NAME='BAT_HLD_013_SMT_TR';
    PHYS_DES_PREFIX='BT';
    NO_LOAD_CHECK='TRUE';
    PIN_COUNT='2';
    BODY_NAME='BAT_HLD_013_SMT_TR';
    JEDEC_TYPE='BATHLD013SMTTR';
  END_BODY;
END_PRIMITIVE;
END.
